<?xml version="1.0" encoding="UTF-8"?>
<coverage generated="1777286506609" clover="3.2.0">
  <project timestamp="1777286506609" name="All files">
    <metrics statements="1" coveredstatements="1" conditionals="0" coveredconditionals="0" methods="1" coveredmethods="1" elements="2" coveredelements="2" complexity="0" loc="1" ncloc="1" packages="1" files="2" classes="2"/>
    <file name="App.css" path="/Users/jc/Documents/SW_DEV/Tutorials/complete-ai-powered-sdlc/complete-ai-powered-sdlc/src/App.css">
      <metrics statements="0" coveredstatements="0" conditionals="0" coveredconditionals="0" methods="0" coveredmethods="0"/>
    </file>
    <file name="App.tsx" path="/Users/jc/Documents/SW_DEV/Tutorials/complete-ai-powered-sdlc/complete-ai-powered-sdlc/src/App.tsx">
      <metrics statements="1" coveredstatements="1" conditionals="0" coveredconditionals="0" methods="1" coveredmethods="1"/>
      <line num="4" count="1" type="stmt"/>
    </file>
  </project>
</coverage>
